Using pre-set license
Built from '2020.3/staging' branch; Version is '2020.3.11f1 (99c7afb366b3) revision 10078127'; Using compiler version '192528614'; Build Type 'Release'
OS: 'Windows 10 Home; OS build 19044.2364; Version 2009; 64bit' Language: 'en' Physical Memory: 12171 MB
BatchMode: 1, IsHumanControllingUs: 0, StartBugReporterOnCrash: 0, Is64bit: 1, IsPro: 0

 COMMAND LINE ARGUMENTS:
C:\Program Files\Unity\Hub\Editor\2020.3.11f1\Editor\Unity.exe
-adb2
-batchMode
-noUpm
-name
AssetImportWorker0
-projectPath
C:/Workspace/Buggy_Race
-logFile
Logs/AssetImportWorker0.log
-srvPort
49876
Successfully changed project path to: C:/Workspace/Buggy_Race
C:/Workspace/Buggy_Race
Using Asset Import Pipeline V2.
Refreshing native plugins compatible for Editor in 32.51 ms, found 2 plugins.
Preloading 0 native plugins for Editor in 0.00 ms.
Initialize engine version: 2020.3.11f1 (99c7afb366b3)
[Subsystems] Discovering subsystems at path C:/Program Files/Unity/Hub/Editor/2020.3.11f1/Editor/Data/Resources/UnitySubsystems
[Subsystems] Discovering subsystems at path C:/Workspace/Buggy_Race/Assets
GfxDevice: creating device client; threaded=0
Direct3D:
    Version:  Direct3D 11.0 [level 11.1]
    Renderer: Intel(R) UHD Graphics 620 (ID=0x5917)
    Vendor:   
    VRAM:     6085 MB
    Driver:   27.20.100.8682
Initialize mono
Mono path[0] = 'C:/Program Files/Unity/Hub/Editor/2020.3.11f1/Editor/Data/Managed'
Mono path[1] = 'C:/Program Files/Unity/Hub/Editor/2020.3.11f1/Editor/Data/MonoBleedingEdge/lib/mono/unityjit'
Mono config path = 'C:/Program Files/Unity/Hub/Editor/2020.3.11f1/Editor/Data/MonoBleedingEdge/etc'
Using monoOptions --debugger-agent=transport=dt_socket,embedding=1,server=y,suspend=n,address=127.0.0.1:56044
Begin MonoManager ReloadAssembly
Registering precompiled unity dll's ...
Register platform support module: C:/Program Files/Unity/Hub/Editor/2020.3.11f1/Editor/Data/PlaybackEngines/WebGLSupport/UnityEditor.WebGL.Extensions.dll
Register platform support module: C:/Program Files/Unity/Hub/Editor/2020.3.11f1/Editor/Data/PlaybackEngines/WindowsStandaloneSupport/UnityEditor.WindowsStandalone.Extensions.dll
Registered in 0.003241 seconds.
Native extension for WindowsStandalone target not found
Native extension for WebGL target not found
Refreshing native plugins compatible for Editor in 28.83 ms, found 2 plugins.
Preloading 0 native plugins for Editor in 0.00 ms.
Mono: successfully reloaded assembly
- Completed reload, in  1.702 seconds
Platform modules already initialized, skipping
Registering precompiled user dll's ...
Registered in 0.449642 seconds.
Begin MonoManager ReloadAssembly
Native extension for WindowsStandalone target not found
Native extension for WebGL target not found
Refreshing native plugins compatible for Editor in 0.35 ms, found 2 plugins.
Preloading 0 native plugins for Editor in 0.00 ms.
Mono: successfully reloaded assembly
- Completed reload, in  1.449 seconds
Platform modules already initialized, skipping
========================================================================
Worker process is ready to serve import requests
Launched and connected shader compiler UnityShaderCompiler.exe after 0.08 seconds
Refreshing native plugins compatible for Editor in 0.34 ms, found 2 plugins.
Preloading 0 native plugins for Editor in 0.00 ms.
Unloading 1403 Unused Serialized files (Serialized files now loaded: 0)
System memory in use before: 65.2 MB.
System memory in use after: 65.3 MB.

Unloading 24 unused Assets to reduce memory usage. Loaded Objects now: 1835.
Total: 2.136700 ms (FindLiveObjects: 0.159000 ms CreateObjectMapping: 0.046000 ms MarkObjects: 1.843100 ms  DeleteObjects: 0.087500 ms)

========================================================================
Received Import Request.
  path: Assets/Scripts/RaceStandings.cs
  artifactKey: Guid(09303f92280ddaf4e992712da4de57e2) Importer(815301076,1909f56bfc062723c751e8b465ee728b)
Start importing Assets/Scripts/RaceStandings.cs using Guid(09303f92280ddaf4e992712da4de57e2) Importer(815301076,1909f56bfc062723c751e8b465ee728b)  -> (artifact id: 'b50fa8b07c0ecff26339c384858d516d') in 0.530312 seconds
  Import took 0.532633 seconds .

========================================================================
Received Import Request.
  Time since last request: 10.553700 seconds.
  path: Assets/Scripts/GameController.cs
  artifactKey: Guid(ad734bf73e0557e4b92a085859562dbf) Importer(815301076,1909f56bfc062723c751e8b465ee728b)
Start importing Assets/Scripts/GameController.cs using Guid(ad734bf73e0557e4b92a085859562dbf) Importer(815301076,1909f56bfc062723c751e8b465ee728b)  -> (artifact id: 'a9eb36cde247f0c0d97a46a70dbd9005') in 0.010019 seconds
  Import took 0.012705 seconds .

========================================================================
Received Import Request.
  Time since last request: 0.002409 seconds.
  path: Assets/Scripts/GameController.cs
  artifactKey: Guid(ad734bf73e0557e4b92a085859562dbf) Importer(815301076,1909f56bfc062723c751e8b465ee728b)
Start importing Assets/Scripts/GameController.cs using Guid(ad734bf73e0557e4b92a085859562dbf) Importer(815301076,1909f56bfc062723c751e8b465ee728b)  -> (artifact id: 'a9eb36cde247f0c0d97a46a70dbd9005') in 0.004237 seconds
  Import took 0.006755 seconds .

========================================================================
Received Prepare
Refreshing native plugins compatible for Editor in 6.71 ms, found 2 plugins.
Preloading 0 native plugins for Editor in 0.00 ms.
Unloading 17 Unused Serialized files (Serialized files now loaded: 0)
System memory in use before: 37.7 MB.
System memory in use after: 37.8 MB.

Unloading 17 unused Assets to reduce memory usage. Loaded Objects now: 1835.
Total: 2.929100 ms (FindLiveObjects: 0.169200 ms CreateObjectMapping: 0.053800 ms MarkObjects: 2.647100 ms  DeleteObjects: 0.057700 ms)

========================================================================
Received Import Request.
  Time since last request: 10.568658 seconds.
  path: Assets/Scripts/Drone.cs
  artifactKey: Guid(316cff29c38f6834fadae4da53289ce1) Importer(815301076,1909f56bfc062723c751e8b465ee728b)
Start importing Assets/Scripts/Drone.cs using Guid(316cff29c38f6834fadae4da53289ce1) Importer(815301076,1909f56bfc062723c751e8b465ee728b)  -> (artifact id: '3a17613f39d4d452bfd3f8cda87a1b63') in 0.007089 seconds
  Import took 0.028795 seconds .

========================================================================
Received Import Request.
  Time since last request: 17.239622 seconds.
  path: Assets/Scripts/CheckpointManager.cs
  artifactKey: Guid(c4f51b57f2855434b8a5f0295f9923ba) Importer(815301076,1909f56bfc062723c751e8b465ee728b)
Start importing Assets/Scripts/CheckpointManager.cs using Guid(c4f51b57f2855434b8a5f0295f9923ba) Importer(815301076,1909f56bfc062723c751e8b465ee728b)  -> (artifact id: '57f4f7989ec86afd7c759b3d5e55a519') in 0.010226 seconds
  Import took 0.012667 seconds .

========================================================================
Received Import Request.
  Time since last request: 0.000732 seconds.
  path: Assets/Scripts/CheckpointManager.cs
  artifactKey: Guid(c4f51b57f2855434b8a5f0295f9923ba) Importer(815301076,1909f56bfc062723c751e8b465ee728b)
Start importing Assets/Scripts/CheckpointManager.cs using Guid(c4f51b57f2855434b8a5f0295f9923ba) Importer(815301076,1909f56bfc062723c751e8b465ee728b)  -> (artifact id: '57f4f7989ec86afd7c759b3d5e55a519') in 0.003265 seconds
  Import took 0.006103 seconds .

========================================================================
Received Prepare
Registering precompiled user dll's ...
Registered in 0.006915 seconds.
Begin MonoManager ReloadAssembly
Native extension for WindowsStandalone target not found
Native extension for WebGL target not found
Refreshing native plugins compatible for Editor in 0.40 ms, found 2 plugins.
Preloading 0 native plugins for Editor in 0.00 ms.
Mono: successfully reloaded assembly
- Completed reload, in  1.066 seconds
Platform modules already initialized, skipping
Refreshing native plugins compatible for Editor in 0.36 ms, found 2 plugins.
Preloading 0 native plugins for Editor in 0.00 ms.
Unloading 1398 Unused Serialized files (Serialized files now loaded: 0)
System memory in use before: 65.2 MB.
System memory in use after: 65.3 MB.

Unloading 19 unused Assets to reduce memory usage. Loaded Objects now: 1838.
Total: 2.325700 ms (FindLiveObjects: 0.149100 ms CreateObjectMapping: 0.063400 ms MarkObjects: 2.047600 ms  DeleteObjects: 0.064300 ms)

AssetImportWorkerClient::OnTransportError - code=2 error=End of file
